[0m[[0mdebug[0m] [0mRunning TaskDef(factorytest.DataTes, org.scalatest.tools.Framework$$anon$1@208a6a8b, false, [SuiteSelector])[0m
[0m[[0mdebug[0m] [0mRunning TaskDef(factorytest.DatasetTes, org.scalatest.tools.Framework$$anon$1@208a6a8b, false, [SuiteSelector])[0m
[0m[[0mdebug[0m] [0mRunning TaskDef(factorytest.InferenceTest, org.scalatest.tools.Framework$$anon$1@208a6a8b, false, [SuiteSelector])[0m
[0m[[0mdebug[0m] [0mRunning TaskDef(factorytest.TsdaTes, org.scalatest.tools.Framework$$anon$1@208a6a8b, false, [SuiteSelector])[0m
[0m[[0mdebug[0m] [0mRunning TaskDef(factorytest.MatrixTes, org.scalatest.tools.Framework$$anon$1@208a6a8b, false, [SuiteSelector])[0m
[0m[[0mdebug[0m] [0mRunning TaskDef(factorytest.IoTes, org.scalatest.tools.Framework$$anon$1@208a6a8b, false, [SuiteSelector])[0m
[0m[[0mdebug[0m] [0mRunning TaskDef(factorytest.LinearRegressionTes, org.scalatest.tools.Framework$$anon$1@208a6a8b, false, [SuiteSelector])[0m
[0m[[0mdebug[0m] [0mRunning TaskDef(recomendtest.NaiveRecomTest, org.scalatest.tools.Framework$$anon$1@208a6a8b, false, [SuiteSelector])[0m
[0m[[0mdebug[0m] [0mRunning TaskDef(classifytest.NaiveBayesTest, org.scalatest.tools.Framework$$anon$1@208a6a8b, false, [SuiteSelector])[0m
[0m[[0mdebug[0m] [0mRunning TaskDef(factorytest.TsdsTes, org.scalatest.tools.Framework$$anon$1@208a6a8b, false, [SuiteSelector])[0m
[0m[[0minfo[0m] [0m[36mRun completed in 425 milliseconds.[0m[0m
[0m[[0minfo[0m] [0m[36mTotal number of tests run: 34[0m[0m
[0m[[0minfo[0m] [0m[36mSuites: completed 10, aborted 0[0m[0m
[0m[[0minfo[0m] [0m[36mTests: succeeded 33, failed 1, canceled 0, ignored 0, pending 0[0m[0m
[0m[[0minfo[0m] [0m[31m*** 1 TEST FAILED ***[0m[0m
[0m[[0mdebug[0m] [0mPassed tests:[0m
[0m[[0mdebug[0m] [0m	factorytest.TsdaTes[0m
[0m[[0mdebug[0m] [0m	factorytest.IoTes[0m
[0m[[0mdebug[0m] [0m	classifytest.NaiveBayesTest[0m
[0m[[0mdebug[0m] [0m	factorytest.DataTes[0m
[0m[[0mdebug[0m] [0m	factorytest.DatasetTes[0m
[0m[[0mdebug[0m] [0m	recomendtest.NaiveRecomTest[0m
[0m[[0mdebug[0m] [0m	factorytest.MatrixTes[0m
[0m[[0mdebug[0m] [0m	factorytest.TsdsTes[0m
[0m[[0mdebug[0m] [0m	factorytest.LinearRegressionTes[0m
[0m[[31merror[0m] [0mFailed tests:[0m
[0m[[31merror[0m] [0m	factorytest.InferenceTest[0m
[0m[[31merror[0m] [0m(test:[31mtest[0m) sbt.TestsFailedException: Tests unsuccessful[0m
